<?xml version="1.0" encoding="UTF-8"?>
<!-- Generated by org.testng.reporters.JUnitXMLReporter -->
<testsuite hostname="LAPTOP-H46AUTOS" ignored="0" name="FireFox Test" tests="13" failures="1" timestamp="05 Jun 2020 16:55:38 GMT" time="136.801" errors="0">
  <testcase name="checkHomeLogoTest" time="0.071" classname="com.qa.rediff.testcases.RediffHomePageTest"/>
  <testcase name="createAccountTest" time="2.155" classname="com.qa.rediff.testcases.CreateAccountPageTest"/>
  <testcase name="createAccountTest" time="2.366" classname="com.qa.rediff.testcases.CreateAccountPageTest"/>
  <testcase name="createAccountTest" time="2.205" classname="com.qa.rediff.testcases.CreateAccountPageTest"/>
  <testcase name="createAccountTest" time="2.166" classname="com.qa.rediff.testcases.CreateAccountPageTest"/>
  <testcase name="signInTest" time="0.532" classname="com.qa.rediff.testcases.SignInPageTest"/>
  <testcase name="signInTest" time="0.588" classname="com.qa.rediff.testcases.SignInPageTest"/>
  <testcase name="signInTest" time="0.598" classname="com.qa.rediff.testcases.SignInPageTest"/>
  <testcase name="getTitleTest" time="0.007" classname="com.qa.rediff.testcases.RediffHomePageTest">
    <failure type="java.lang.AssertionError" message="expected [Google] but found [Rediff.com: News | Rediffmail | Stock Quotes | Shopping]">
      <![CDATA[java.lang.AssertionError: expected [Google] but found [Rediff.com: News | Rediffmail | Stock Quotes | Shopping]
	at com.qa.rediff.testcases.RediffHomePageTest.getTitleTest(RediffHomePageTest.java:41)
... Removed 31 stack frames]]>
    </failure>
  </testcase> <!-- getTitleTest -->
  <testcase name="checkSignInLinkTest" time="0.203" classname="com.qa.rediff.testcases.RediffHomePageTest"/>
  <testcase name="checkCreateAccountLinkTest" time="0.228" classname="com.qa.rediff.testcases.RediffHomePageTest"/>
  <testcase name="navigateToSignInPageTest" time="0.549" classname="com.qa.rediff.testcases.RediffHomePageTest"/>
  <testcase name="navigateToCreateAccountPageTest" time="1.088" classname="com.qa.rediff.testcases.RediffHomePageTest"/>
</testsuite> <!-- FireFox Test -->
