<?xml version="1.0" encoding="UTF-8"?>
<testsuite xmlns:xsi="http://www.w3.org/2001/XMLSchema-instance" xsi:noNamespaceSchemaLocation="https://maven.apache.org/surefire/maven-surefire-plugin/xsd/surefire-test-report-3.0.xsd" version="3.0" name="TestSuite" time="103.382" tests="9" errors="0" skipped="1" failures="1">
  <properties>
[...]
</properties>
  <testcase name="checkHomeLogoTest" classname="com.qa.rediff.testcases.RediffHomePageTest" time="1.527"/>
  <testcase name="getTitleTest" classname="com.qa.rediff.testcases.RediffHomePageTest" time="0">
    <skipped message="expected [Google] but found [Rediff.com: News | Rediffmail | Stock Quotes | Shopping]"/>
    <system-err><![CDATA[Starting ChromeDriver 83.0.4103.39 (ccbf011cb2d2b19b506d844400483861342c20cd-refs/branch-heads/4103@{#416}) on port 14214
Only local connections are allowed.
Please see https://chromedriver.chromium.org/security-considerations for suggestions on keeping ChromeDriver safe.
ChromeDriver was started successfully.
Jun 08, 2020 4:25:47 PM org.openqa.selenium.remote.ProtocolHandshake createSession
INFO: Detected dialect: W3C
]]></system-err>
  </testcase>
  <testcase name="getTitleTest" classname="com.qa.rediff.testcases.RediffHomePageTest" time="6.231">
    <failure message="expected [Google] but found [Rediff.com: News | Rediffmail | Stock Quotes | Shopping]" type="java.lang.AssertionError"><![CDATA[java.lang.AssertionError: expected [Google] but found [Rediff.com: News | Rediffmail | Stock Quotes | Shopping]
	at com.qa.rediff.testcases.RediffHomePageTest.getTitleTest(RediffHomePageTest.java:41)
]]></failure>
    <system-err><![CDATA[Starting ChromeDriver 83.0.4103.39 (ccbf011cb2d2b19b506d844400483861342c20cd-refs/branch-heads/4103@{#416}) on port 13069
Only local connections are allowed.
Please see https://chromedriver.chromium.org/security-considerations for suggestions on keeping ChromeDriver safe.
ChromeDriver was started successfully.
Jun 08, 2020 4:25:56 PM org.openqa.selenium.remote.ProtocolHandshake createSession
INFO: Detected dialect: W3C
log4j:WARN No appenders could be found for logger (org.apache.http.impl.conn.PoolingHttpClientConnectionManager).
log4j:WARN Please initialize the log4j system properly.
log4j:WARN See http://logging.apache.org/log4j/1.2/faq.html#noconfig for more info.
]]></system-err>
  </testcase>
  <testcase name="checkSignInLinkTest" classname="com.qa.rediff.testcases.RediffHomePageTest" time="0.364"/>
  <testcase name="checkCreateAccountLinkTest" classname="com.qa.rediff.testcases.RediffHomePageTest" time="0.384"/>
  <testcase name="navigateToSignInPageTest" classname="com.qa.rediff.testcases.RediffHomePageTest" time="0.761"/>
  <testcase name="navigateToCreateAccountPageTest" classname="com.qa.rediff.testcases.RediffHomePageTest" time="1.83"/>
  <testcase name="createAccountTest" classname="com.qa.rediff.testcases.CreateAccountPageTest" time="4.093"/>
  <testcase name="signInTest" classname="com.qa.rediff.testcases.SignInPageTest" time="1.559"/>
</testsuite>