-------------------------------------------------------------------------------
Test set: TestSuite
-------------------------------------------------------------------------------
Tests run: 9, Failures: 1, Errors: 0, Skipped: 1, Time elapsed: 103.382 s <<< FAILURE! - in TestSuite
com.qa.rediff.testcases.RediffHomePageTest.getTitleTest  Time elapsed: 6.231 s  <<< FAILURE!
java.lang.AssertionError: expected [Google] but found [Rediff.com: News | Rediffmail | Stock Quotes | Shopping]
	at com.qa.rediff.testcases.RediffHomePageTest.getTitleTest(RediffHomePageTest.java:41)

